<?xml version="1.0" encoding="UTF-8"?>
<!-- Generated by org.testng.reporters.JUnitReportReporter -->
<testsuite hostname="DESKTOP-I2DM9RQ" failures="0" tests="3" name="sauceOrder.Login" time="10.820" errors="0" timestamp="2024-04-05T18:16:30 IST" skipped="0">
  <testcase classname="sauceOrder.Login" name="enter_user_name_as" time="5.891"/>
  <system-out/>
  <testcase classname="sauceOrder.Login" name="click_on_Login_button" time="2.450"/>
  <system-out/>
  <testcase classname="sauceOrder.Login" name="enter_password_as" time="2.479"/>
  <system-out/>
</testsuite> <!-- sauceOrder.Login -->
