<?xml version="1.0" encoding="UTF-8"?>
<!-- Generated by org.testng.reporters.JUnitReportReporter -->
<testsuite hostname="DESKTOP-I2DM9RQ" failures="0" tests="1" name="sauceOrder.PurchaseItem" time="5.519" errors="0" timestamp="2024-04-05T18:58:30 IST" skipped="0">
  <testcase classname="sauceOrder.PurchaseItem" name="preCondition" time="5.519"/>
  <system-out/>
</testsuite> <!-- sauceOrder.PurchaseItem -->
