<?xml version="1.0" encoding="UTF-8"?>
<!-- Generated by org.testng.reporters.JUnitReportReporter -->
<testsuite hostname="DESKTOP-I2DM9RQ" failures="0" tests="1" name="sauceOrder.PurchaseItem" time="10.226" errors="0" timestamp="2024-04-06T07:29:28 IST" skipped="0">
  <testcase classname="sauceOrder.PurchaseItem" name="preCondition" time="10.226"/>
  <system-out/>
</testsuite> <!-- sauceOrder.PurchaseItem -->
